GNU gdb (Ubuntu 7.11.1-0ubuntu1~16.5) 7.11.1
Copyright (C) 2016 Free Software Foundation, Inc.
License GPLv3+: GNU GPL version 3 or later <http://gnu.org/licenses/gpl.html>
This is free software: you are free to change and redistribute it.
There is NO WARRANTY, to the extent permitted by law.  Type "show copying"
and "show warranty" for details.
This GDB was configured as "x86_64-linux-gnu".
Type "show configuration" for configuration details.
For bug reporting instructions, please see:
<http://www.gnu.org/software/gdb/bugs/>.
Find the GDB manual and other documentation resources online at:
<http://www.gnu.org/software/gdb/documentation/>.
For help, type "help".
Type "apropos word" to search for commands related to "word"...
Reading symbols from tools/system...done.
0x0000fff0 in permission (inode=0x0 <startup_32>, mask=0) at namei.c:42
42        int mode = inode->i_mode;
Breakpoint 1 at 0x6770: file init/main.c, line 105.

Breakpoint 1, main () at init/main.c:105
105    {            /* The startup routine assumes (well, ...) this */
1: current->pid = 0
(gdb) b 172
Breakpoint 2 at 0x6989: file init/main.c, line 172.
(gdb) c
Continuing.

Breakpoint 2, main () at init/main.c:172
172                             output_char('a' + mynext);
1: current->pid = 0
(gdb) x/6i $eip
=> 0x69d9 <main+562>:   mov    0x2282c,%eax
   0x69de <main+567>:   add    $0x61,%eax
   0x69e1 <main+570>:   movsbl %al,%eax
   0x69e4 <main+573>:   sub    $0xc,%esp
   0x69e7 <main+576>:   push   %eax
   0x69e8 <main+577>:   call   0x79ff <output_char>
(gdb) p &mynext
$1 = (int *) 0x2282c <mynext>
(gdb) p/x current->ldt
$2 = {{a = 0x0, b = 0x0}, {a = 0x9f, b = 0xc0fb00}, {a = 0x9f, b = 0xc0f300}}
(gdb) p &current->ldt
$3 = (struct desc_struct (*)[3]) 0x1ed70 <init_task+720>
(gdb) quit
A debugging session is active.

    Inferior 1 [Remote target] will be killed.

Quit anyway? (y or n) y