GNU gdb (Ubuntu 7.11.1-0ubuntu1~16.5) 7.11.1
Copyright (C) 2016 Free Software Foundation, Inc.
License GPLv3+: GNU GPL version 3 or later <http://gnu.org/licenses/gpl.html>
This is free software: you are free to change and redistribute it.
There is NO WARRANTY, to the extent permitted by law.  Type "show copying"
and "show warranty" for details.
This GDB was configured as "x86_64-linux-gnu".
Type "show configuration" for configuration details.
For bug reporting instructions, please see:
<http://www.gnu.org/software/gdb/bugs/>.
Find the GDB manual and other documentation resources online at:
<http://www.gnu.org/software/gdb/documentation/>.
For help, type "help".
Type "apropos word" to search for commands related to "word"...
Reading symbols from tools/system...done.
0x0000fff0 in sys_pipe (fildes=0x0 <startup_32>) at pipe.c:86
86        j=0;
Breakpoint 1 at 0x67a7: file init/main.c, line 116.

Breakpoint 1, main () at init/main.c:116
116    {            /* The startup routine assumes (well, ...) this */
1: current->pid = 0
(gdb) b sys_pause if current->pid == 1
Note: breakpoint 2 also set at pc 0x6f9e.
Breakpoint 3 at 0x6f9e: file sched.c, line 147.
(gdb) c
Continuing.

Breakpoint 2, sys_pause () at sched.c:147
147                     current->state = TASK_INTERRUPTIBLE;
1: current->pid = 0
(gdb) info registers
eax            0x1d    29
ecx            0x0     0
edx            0x17    23
ebx            0x3     3
esp            0x1fa70 0x1fa70 <init_task+4048>
ebp            0x257e8 0x257e8 <user_stack+4072>
esi            0xe0000 917504
edi            0xffc   4092
eip            0x6f9e  0x6f9e <sys_pause>
eflags         0x283   [ CF SF IF ]
cs             0x8     8
ss             0x10    16
ds             0x10    16
es             0x10    16
fs             0x17    23
gs             0x17    23
(gdb) p/x gdt
$1 = {{a = 0x0, b = 0x0}, {a = 0xffff, b = 0xc09b00}, {a = 0xffff,
b = 0xc09300}, {a = 0x0, b = 0x0}, {a = 0xed880068, b = 0x8b01},
(gdb) b sys_pause if current->pid == 0
Note: breakpoints 2 and 3 also set at pc 0x6f9e.
Breakpoint 4 at 0x6f9e: file sched.c, line 147.
(gdb) info registers
eax            0x1d    29
ecx            0x0     0
edx            0x17    23
ebx            0x3     3
esp            0x1fa70 0x1fa70 <init_task+4048>
ebp            0x257e8 0x257e8 <user_stack+4072>
esi            0xe0000 917504
edi            0xffc   4092
eip            0x6f9e  0x6f9e <sys_pause>
eflags         0x283   [ CF SF IF ]
cs             0x8     8
ss             0x10    16
ds             0x10    16
es             0x10    16
fs             0x17    23
gs             0x17    23
(gdb) p/x gdt
$2 = {{a = 0x0, b = 0x0}, {a = 0xffff, b = 0xc09b00}, {a = 0xffff,
b = 0xc09300}, {a = 0x0, b = 0x0}, {a = 0xed880068, b = 0x8b01}, {
a = 0xed700068, b = 0x8201}, {a = 0xf2e80068, b = 0x89ff}, {
a = 0xf2d00068, b = 0x82ff}, {a = 0x0, b = 0x0} <repeats 248 times>}
(gdb)