========================================================================
                       Bochs x86 Emulator 2.6.9
               Built from SVN snapshot on April 9, 2017
                  Compiled on Aug 21 2020 at 09:28:41
========================================================================
Next at t=0
(0) [0x0000fffffff0] f000:fff0 (unk. ctxt): jmpf 0xf000:e05b          ; ea5be000f0
<bochs:1> b 0x6969
<bochs:2> c
(0) Breakpoint 1, 0x04006969 in ?? ()
Next at t=116317267
(0) [0x000000006969] 000f:00006969 (unk. ctxt): mov eax, dword ptr ds:0x0002282c ; a12c280200
<bochs:3> sreg
es:0x0017, dh=0x04c0f300, dl=0x0000009f, valid=1
        Data segment, base=0x04000000, limit=0x0009ffff, Read/Write, Accessed
cs:0x000f, dh=0x04c0fb00, dl=0x0000009f, valid=1
        Code segment, base=0x04000000, limit=0x0009ffff, Execute/Read, Non-Confo
rming, Accessed, 32-bit
ss:0x0017, dh=0x04c0f300, dl=0x0000009f, valid=3
        Data segment, base=0x04000000, limit=0x0009ffff, Read/Write, Accessed
ds:0x0017, dh=0x04c0f300, dl=0x0000009f, valid=3
        Data segment, base=0x04000000, limit=0x0009ffff, Read/Write, Accessed
fs:0x0017, dh=0x04c0f300, dl=0x0000009f, valid=1
        Data segment, base=0x04000000, limit=0x0009ffff, Read/Write, Accessed
gs:0x0017, dh=0x04c0f300, dl=0x0000009f, valid=1
        Data segment, base=0x04000000, limit=0x0009ffff, Read/Write, Accessed
ldtr:0x0038, dh=0x000082ff, dl=0xf2d00068, valid=1
tr:0x0030, dh=0x00008bff, dl=0xf2e80068, valid=1
gdtr:base=0x00005cc0, limit=0x7ff
idtr:base=0x000054c0, limit=0x7ff
<bochs:4> b 0x69d9
<bochs:5> c
(0) Breakpoint 2, 0x0000069d9 in ?? ()
Next at t=116518442
(0) [0x0000000069d9] 000f:000069d9 (unk. ctxt): mov eax, dword ptr ds:0x0002282c ; a12c280200
<bochs:6> sreg
es:0x0017, dh=0x00c0f300, dl=0x0000009f, valid=1
        Data segment, base=0x00000000, limit=0x0009ffff, Read/Write, Accessed
cs:0x000f, dh=0x00c0fb00, dl=0x0000009f, valid=1
        Code segment, base=0x00000000, limit=0x0009ffff, Execute/Read, Non-Confo
rming, Accessed, 32-bit
ss:0x0017, dh=0x00c0f300, dl=0x0000009f, valid=7
        Data segment, base=0x00000000, limit=0x0009ffff, Read/Write, Accessed
ds:0x0017, dh=0x00c0f300, dl=0x0000009f, valid=3
        Data segment, base=0x00000000, limit=0x0009ffff, Read/Write, Accessed
fs:0x0017, dh=0x00c0f300, dl=0x0000009f, valid=1
        Data segment, base=0x00000000, limit=0x0009ffff, Read/Write, Accessed
gs:0x0017, dh=0x00c0f300, dl=0x0000009f, valid=1
        Data segment, base=0x00000000, limit=0x0009ffff, Read/Write, Accessed
ldtr:0x0028, dh=0x00008201, dl=0xed700068, valid=1
tr:0x0020, dh=0x00008b01, dl=0xed880068, valid=1
gdtr:base=0x00005cc0, limit=0x7ff
idtr:base=0x000054c0, limit=0x7ff
<bochs:7>